<?xml version="1.0" encoding="UTF-8"?>
<!-- Generated by org.testng.reporters.JUnitReportReporter -->
<testsuite hostname="DESKTOP-GQRGP5O" failures="0" tests="1" name="org.ecocrewFramework.admin.BusinessOrderDetailsTest" time="22.572" errors="0" timestamp="2023-07-28T17:55:57 IST" skipped="0">
  <testcase classname="org.ecocrewFramework.admin.BusinessOrderDetailsTest" name="businessEveryDayVerification" time="22.572"/>
  <system-out/>
</testsuite> <!-- org.ecocrewFramework.admin.BusinessOrderDetailsTest -->
