<?xml version="1.0" encoding="UTF-8"?>
<!-- Generated by org.testng.reporters.JUnitReportReporter -->
<testsuite hostname="DESKTOP-GQRGP5O" failures="0" tests="2" name="org.ecocrewFramework.savedAddressesTest" time="22.224" errors="1" timestamp="2023-07-19T16:10:45 IST" skipped="1">
  <testcase classname="org.ecocrewFramework.savedAddressesTest" name="configureAppium" time="22.224">
    <error message="Could not start a new session. Response code 500. Message: An unknown server-side error occurred while processing the command. Original error: Could not proxy command to the remote server. Original error: socket hang up 
Host info: host: &#039;DESKTOP-GQRGP5O&#039;, ip: &#039;192.168.29.77&#039;
Build info: version: &#039;4.10.0&#039;, revision: &#039;c14d967899&#039;
System info: os.name: &#039;Windows 11&#039;, os.arch: &#039;amd64&#039;, os.version: &#039;10.0&#039;, java.version: &#039;11.0.18&#039;
Driver info: io.appium.java_client.android.AndroidDriver
Command: [null, newSession {capabilities=[{platformName=ANDROID, appium:automationName=UIAutomator2, appium:app=D:\eco-workspace\EcocrewFramework\src\test\java\resources\ecocrewuserapp.apk}], desiredCapabilities=Capabilities {appium:app: D:\eco-workspace\EcocrewFra..., appium:automationName: UIAutomator2, platformName: ANDROID}}]
Capabilities {appium:app: D:\eco-workspace\EcocrewFra..., appium:automationName: UIAutomator2, platformName: ANDROID}" type="org.openqa.selenium.SessionNotCreatedException">
      <![CDATA[org.openqa.selenium.SessionNotCreatedException: Could not start a new session. Response code 500. Message: An unknown server-side error occurred while processing the command. Original error: Could not proxy command to the remote server. Original error: socket hang up 
Host info: host: 'DESKTOP-GQRGP5O', ip: '192.168.29.77'
Build info: version: '4.10.0', revision: 'c14d967899'
System info: os.name: 'Windows 11', os.arch: 'amd64', os.version: '10.0', java.version: '11.0.18'
Driver info: io.appium.java_client.android.AndroidDriver
Command: [null, newSession {capabilities=[{platformName=ANDROID, appium:automationName=UIAutomator2, appium:app=D:\eco-workspace\EcocrewFramework\src\test\java\resources\ecocrewuserapp.apk}], desiredCapabilities=Capabilities {appium:app: D:\eco-workspace\EcocrewFra..., appium:automationName: UIAutomator2, platformName: ANDROID}}]
Capabilities {appium:app: D:\eco-workspace\EcocrewFra..., appium:automationName: UIAutomator2, platformName: ANDROID}
at org.openqa.selenium.remote.ProtocolHandshake.createSession(ProtocolHandshake.java:140)
at java.base/jdk.internal.reflect.NativeMethodAccessorImpl.invoke0(Native Method)
at java.base/jdk.internal.reflect.NativeMethodAccessorImpl.invoke(NativeMethodAccessorImpl.java:62)
at java.base/jdk.internal.reflect.DelegatingMethodAccessorImpl.invoke(DelegatingMethodAccessorImpl.java:43)
at java.base/java.lang.reflect.Method.invoke(Method.java:566)
at io.appium.java_client.remote.AppiumProtocolHandshake.createSession(AppiumProtocolHandshake.java:133)
at io.appium.java_client.remote.AppiumProtocolHandshake.createSession(AppiumProtocolHandshake.java:102)
at io.appium.java_client.remote.AppiumCommandExecutor.createSession(AppiumCommandExecutor.java:182)
at io.appium.java_client.remote.AppiumCommandExecutor.execute(AppiumCommandExecutor.java:250)
at org.openqa.selenium.remote.RemoteWebDriver.execute(RemoteWebDriver.java:531)
at io.appium.java_client.AppiumDriver.startSession(AppiumDriver.java:274)
at org.openqa.selenium.remote.RemoteWebDriver.<init>(RemoteWebDriver.java:154)
at io.appium.java_client.AppiumDriver.<init>(AppiumDriver.java:89)
at io.appium.java_client.AppiumDriver.<init>(AppiumDriver.java:101)
at io.appium.java_client.android.AndroidDriver.<init>(AndroidDriver.java:113)
at org.ecocrewFramework.BaseTest.configureAppium(BaseTest.java:46)
at java.base/jdk.internal.reflect.NativeMethodAccessorImpl.invoke0(Native Method)
at java.base/jdk.internal.reflect.NativeMethodAccessorImpl.invoke(NativeMethodAccessorImpl.java:62)
at java.base/jdk.internal.reflect.DelegatingMethodAccessorImpl.invoke(DelegatingMethodAccessorImpl.java:43)
at java.base/java.lang.reflect.Method.invoke(Method.java:566)
at org.testng.internal.MethodInvocationHelper.invokeMethod(MethodInvocationHelper.java:134)
at org.testng.internal.MethodInvocationHelper.invokeMethodConsideringTimeout(MethodInvocationHelper.java:63)
at org.testng.internal.ConfigInvoker.invokeConfigurationMethod(ConfigInvoker.java:348)
at org.testng.internal.ConfigInvoker.invokeConfigurations(ConfigInvoker.java:302)
at org.testng.internal.TestMethodWorker.invokeBeforeClassMethods(TestMethodWorker.java:176)
at org.testng.internal.TestMethodWorker.run(TestMethodWorker.java:122)
at java.base/java.util.ArrayList.forEach(ArrayList.java:1541)
at org.testng.TestRunner.privateRun(TestRunner.java:766)
at org.testng.TestRunner.run(TestRunner.java:587)
at org.testng.SuiteRunner.runTest(SuiteRunner.java:384)
at org.testng.SuiteRunner.runSequentially(SuiteRunner.java:378)
at org.testng.SuiteRunner.privateRun(SuiteRunner.java:337)
at org.testng.SuiteRunner.run(SuiteRunner.java:286)
at org.testng.SuiteRunnerWorker.runSuite(SuiteRunnerWorker.java:53)
at org.testng.SuiteRunnerWorker.run(SuiteRunnerWorker.java:96)
at org.testng.TestNG.runSuitesSequentially(TestNG.java:1187)
at org.testng.TestNG.runSuitesLocally(TestNG.java:1109)
at org.testng.TestNG.runSuites(TestNG.java:1039)
at org.testng.TestNG.run(TestNG.java:1007)
at org.testng.remote.AbstractRemoteTestNG.run(AbstractRemoteTestNG.java:115)
at org.testng.remote.RemoteTestNG.initAndRun(RemoteTestNG.java:251)
at org.testng.remote.RemoteTestNG.main(RemoteTestNG.java:77)
]]>
    </error>
  </testcase> <!-- configureAppium -->
  <system-out/>
  <testcase classname="org.ecocrewFramework.savedAddressesTest" name="useThisAddress" time="0.000">
    <skipped/>
  </testcase> <!-- useThisAddress -->
  <system-out/>
</testsuite> <!-- org.ecocrewFramework.savedAddressesTest -->
