<?xml version="1.0" encoding="UTF-8"?>
<!-- Generated by org.testng.reporters.JUnitReportReporter -->
<testsuite hostname="DESKTOP-GQRGP5O" failures="0" tests="1" name="org.ecocrewFramework.RegisterYourBusinessTest" time="80.372" errors="0" timestamp="2023-07-25T10:12:29 IST" skipped="0">
  <testcase classname="org.ecocrewFramework.RegisterYourBusinessTest" name="registerYourBusiness" time="80.372"/>
  <system-out/>
</testsuite> <!-- org.ecocrewFramework.RegisterYourBusinessTest -->
