<?xml version="1.0" encoding="UTF-8"?>
<!-- Generated by org.testng.reporters.JUnitReportReporter -->
<testsuite hostname="DESKTOP-GQRGP5O" failures="0" tests="1" name="org.ecocrewFramework.B2BOrderTest" time="68.936" errors="0" timestamp="2023-07-22T14:42:34 IST" skipped="0">
  <testcase classname="org.ecocrewFramework.B2BOrderTest" name="b2bPickupRequest" time="68.936"/>
  <system-out/>
</testsuite> <!-- org.ecocrewFramework.B2BOrderTest -->
