<?xml version="1.0" encoding="UTF-8"?>
<!-- Generated by org.testng.reporters.JUnitReportReporter -->
<testsuite hostname="DESKTOP-GQRGP5O" failures="0" tests="2" name="org.ecocrewFramework.EditB2BOneTimeOrderTest" time="38.858" errors="0" timestamp="2023-07-29T15:45:29 IST" skipped="0">
  <testcase classname="org.ecocrewFramework.EditB2BOneTimeOrderTest" name="updateOrder" time="28.390"/>
  <system-out/>
  <testcase classname="org.ecocrewFramework.EditB2BOneTimeOrderTest" name="CancelOrder" time="10.468"/>
  <system-out/>
</testsuite> <!-- org.ecocrewFramework.EditB2BOneTimeOrderTest -->
