<?xml version="1.0" encoding="UTF-8"?>
<!-- Generated by org.testng.reporters.JUnitReportReporter -->
<testsuite hostname="DESKTOP-GQRGP5O" failures="0" tests="1" name="org.ecocrewFramework.savedAddressesTest" time="76.889" errors="0" timestamp="2023-07-31T15:46:47 IST" skipped="0">
  <testcase classname="org.ecocrewFramework.savedAddressesTest" name="useThisAddress" time="76.889"/>
  <system-out/>
</testsuite> <!-- org.ecocrewFramework.savedAddressesTest -->
