<?xml version="1.0" encoding="UTF-8"?>
<!-- Generated by org.testng.reporters.JUnitReportReporter -->
<testsuite hostname="DESKTOP-GQRGP5O" failures="0" tests="1" name="org.ecocrewFramework.B2BOrderRecurringTest" time="116.956" errors="0" timestamp="2023-07-26T17:23:39 IST" skipped="0">
  <testcase classname="org.ecocrewFramework.B2BOrderRecurringTest" name="b2bRecurringOrder" time="116.956"/>
  <system-out/>
</testsuite> <!-- org.ecocrewFramework.B2BOrderRecurringTest -->
