<?xml version="1.0" encoding="UTF-8"?>
<!-- Generated by org.testng.reporters.JUnitReportReporter -->
<testsuite hostname="DESKTOP-GQRGP5O" failures="0" tests="1" name="org.ecocrewFramework.AddAddressTest" time="97.754" errors="0" timestamp="2023-07-16T21:48:17 IST" skipped="0">
  <testcase classname="org.ecocrewFramework.AddAddressTest" name="useThisAddress" time="97.754"/>
  <system-out/>
</testsuite> <!-- org.ecocrewFramework.AddAddressTest -->
