<?xml version="1.0" encoding="UTF-8"?>
<!-- Generated by org.testng.reporters.JUnitReportReporter -->
<testsuite hostname="DESKTOP-GQRGP5O" failures="0" tests="1" name="org.ecocrewFramework.CompleteYourProfileTest" time="50.330" errors="0" timestamp="2023-08-01T17:59:09 IST" skipped="0">
  <testcase classname="org.ecocrewFramework.CompleteYourProfileTest" name="completeProfile" time="50.330"/>
  <system-out/>
</testsuite> <!-- org.ecocrewFramework.CompleteYourProfileTest -->
