<?xml version="1.0" encoding="UTF-8"?>
<!-- Generated by org.testng.reporters.JUnitReportReporter -->
<testsuite hostname="DESKTOP-GQRGP5O" failures="0" tests="1" name="org.ecocrewFramework.B2BRecurringValidationTest" time="79.810" errors="0" timestamp="2023-08-01T12:47:13 IST" skipped="0">
  <testcase classname="org.ecocrewFramework.B2BRecurringValidationTest" name="b2bRecurringErrors" time="79.810"/>
  <system-out/>
</testsuite> <!-- org.ecocrewFramework.B2BRecurringValidationTest -->
