<?xml version="1.0" encoding="UTF-8"?>
<!-- Generated by org.testng.reporters.JUnitReportReporter -->
<testsuite hostname="DESKTOP-GQRGP5O" failures="0" tests="1" name="org.ecocrewFramework.DeleteAddressTest" time="128.800" errors="0" timestamp="2023-07-19T16:10:45 IST" skipped="0">
  <testcase classname="org.ecocrewFramework.DeleteAddressTest" name="deleteAddress" time="128.800"/>
  <system-out/>
</testsuite> <!-- org.ecocrewFramework.DeleteAddressTest -->
