<?xml version="1.0" encoding="UTF-8"?>
<!-- Generated by org.testng.reporters.JUnitReportReporter -->
<testsuite hostname="DESKTOP-GQRGP5O" failures="0" tests="1" name="org.ecocrewFramework.B2BOrderRecurringTest" time="112.458" errors="0" timestamp="2023-07-25T12:19:30 IST" skipped="0">
  <testcase classname="org.ecocrewFramework.B2BOrderRecurringTest" name="b2bRecurringOrder" time="112.458"/>
  <system-out/>
</testsuite> <!-- org.ecocrewFramework.B2BOrderRecurringTest -->
