<?xml version="1.0" encoding="UTF-8"?>
<!-- Generated by org.testng.reporters.JUnitReportReporter -->
<testsuite hostname="DESKTOP-GQRGP5O" failures="0" tests="1" name="org.ecocrewFramework.B2BOrderRecurringTest" time="121.941" errors="0" timestamp="2023-08-02T13:02:34 IST" skipped="0">
  <testcase classname="org.ecocrewFramework.B2BOrderRecurringTest" name="b2bRecurringOrder" time="121.941"/>
  <system-out/>
</testsuite> <!-- org.ecocrewFramework.B2BOrderRecurringTest -->
