<?xml version="1.0" encoding="UTF-8"?>
<!-- Generated by org.testng.reporters.JUnitReportReporter -->
<testsuite hostname="DESKTOP-GQRGP5O" failures="0" tests="1" name="org.ecocrewFramework.DeleteAddressTest" time="46.534" errors="0" timestamp="2023-07-31T15:44:17 IST" skipped="0">
  <testcase classname="org.ecocrewFramework.DeleteAddressTest" name="deleteAddress" time="46.534"/>
  <system-out/>
</testsuite> <!-- org.ecocrewFramework.DeleteAddressTest -->
