<?xml version="1.0" encoding="UTF-8"?>
<!-- Generated by org.testng.reporters.JUnitReportReporter -->
<testsuite hostname="DESKTOP-GQRGP5O" failures="0" tests="2" name="org.ecocrewFramework.EditCancelOneTimeOrderTest" time="41.852" errors="0" timestamp="2023-07-29T15:55:26 IST" skipped="0">
  <testcase classname="org.ecocrewFramework.EditCancelOneTimeOrderTest" name="updateOrder" time="28.849"/>
  <system-out/>
  <testcase classname="org.ecocrewFramework.EditCancelOneTimeOrderTest" name="CancelOrder" time="13.003"/>
  <system-out/>
</testsuite> <!-- org.ecocrewFramework.EditCancelOneTimeOrderTest -->
