<?xml version="1.0" encoding="UTF-8"?>
<!-- Generated by org.testng.reporters.JUnitReportReporter -->
<testsuite hostname="DESKTOP-GQRGP5O" failures="0" tests="1" name="org.ecocrewFramework.RegisterYourBusinessTest" time="76.122" errors="0" timestamp="2023-08-02T12:02:07 IST" skipped="0">
  <testcase classname="org.ecocrewFramework.RegisterYourBusinessTest" name="registerYourBusiness" time="76.122"/>
  <system-out/>
</testsuite> <!-- org.ecocrewFramework.RegisterYourBusinessTest -->
