<?xml version="1.0" encoding="UTF-8"?>
<!-- Generated by org.testng.reporters.JUnitReportReporter -->
<testsuite hostname="DESKTOP-GQRGP5O" failures="0" tests="1" name="org.ecocrewFramework.NewUserLoginCompleteProfileTest" time="55.775" errors="0" timestamp="2023-07-26T12:02:55 IST" skipped="0">
  <testcase classname="org.ecocrewFramework.NewUserLoginCompleteProfileTest" name="loginCompleteProfile" time="55.775"/>
  <system-out/>
</testsuite> <!-- org.ecocrewFramework.NewUserLoginCompleteProfileTest -->
