<?xml version="1.0" encoding="UTF-8"?>
<!-- Generated by org.testng.reporters.JUnitReportReporter -->
<testsuite hostname="DESKTOP-GQRGP5O" failures="0" tests="1" name="org.ecocrewFramework.EditAddressTest" time="46.980" errors="0" timestamp="2023-07-31T15:38:24 IST" skipped="0">
  <testcase classname="org.ecocrewFramework.EditAddressTest" name="EditAddressHome" time="46.980"/>
  <system-out/>
</testsuite> <!-- org.ecocrewFramework.EditAddressTest -->
